[2020-03-28 15:40:25.147] [exthost] [info] extension host started
[2020-03-28 15:40:25.241] [exthost] [info] ExtensionService#_doActivateExtension vscode.debug-auto-launch {"startup":true,"extensionId":{"value":"vscode.debug-auto-launch","_lower":"vscode.debug-auto-launch"},"activationEvent":"*"}
[2020-03-28 15:40:25.242] [exthost] [info] ExtensionService#loadCommonJSModule file:///snap/code/28/usr/share/code/resources/app/extensions/debug-auto-launch/dist/extension
[2020-03-28 15:40:25.251] [exthost] [info] ExtensionService#_doActivateExtension vscode.emmet {"startup":true,"extensionId":{"value":"vscode.emmet","_lower":"vscode.emmet"},"activationEvent":"*"}
[2020-03-28 15:40:25.252] [exthost] [info] ExtensionService#loadCommonJSModule file:///snap/code/28/usr/share/code/resources/app/extensions/emmet/dist/extension
[2020-03-28 15:40:25.296] [exthost] [info] ExtensionService#_doActivateExtension vscode.git {"startup":true,"extensionId":{"value":"vscode.git","_lower":"vscode.git"},"activationEvent":"*"}
[2020-03-28 15:40:25.296] [exthost] [info] ExtensionService#loadCommonJSModule file:///snap/code/28/usr/share/code/resources/app/extensions/git/dist/main
[2020-03-28 15:40:25.370] [exthost] [info] ExtensionService#_doActivateExtension vscode.github-authentication {"startup":true,"extensionId":{"value":"vscode.github-authentication","_lower":"vscode.github-authentication"},"activationEvent":"*"}
[2020-03-28 15:40:25.370] [exthost] [info] ExtensionService#loadCommonJSModule file:///snap/code/28/usr/share/code/resources/app/extensions/github-authentication/dist/extension.js
[2020-03-28 15:40:25.373] [exthost] [info] ExtensionService#_doActivateExtension vscode.merge-conflict {"startup":true,"extensionId":{"value":"vscode.merge-conflict","_lower":"vscode.merge-conflict"},"activationEvent":"*"}
[2020-03-28 15:40:25.374] [exthost] [info] ExtensionService#loadCommonJSModule file:///snap/code/28/usr/share/code/resources/app/extensions/merge-conflict/dist/extension
[2020-03-28 15:40:25.378] [exthost] [info] ExtensionService#_doActivateExtension vscode.search-result {"startup":true,"extensionId":{"value":"vscode.search-result","_lower":"vscode.search-result"},"activationEvent":"*"}
[2020-03-28 15:40:25.378] [exthost] [info] ExtensionService#loadCommonJSModule file:///snap/code/28/usr/share/code/resources/app/extensions/search-result/dist/extension.js
[2020-03-28 15:40:25.379] [exthost] [info] ExtensionService#_doActivateExtension vscode.vscode-account {"startup":true,"extensionId":{"value":"vscode.vscode-account","_lower":"vscode.vscode-account"},"activationEvent":"*"}
[2020-03-28 15:40:25.379] [exthost] [info] ExtensionService#loadCommonJSModule file:///snap/code/28/usr/share/code/resources/app/extensions/vscode-account/dist/extension.js
[2020-03-28 15:40:25.383] [exthost] [info] ExtensionService#_doActivateExtension dbaeumer.vscode-eslint {"startup":true,"extensionId":{"value":"dbaeumer.vscode-eslint","_lower":"dbaeumer.vscode-eslint"},"activationEvent":"*"}
[2020-03-28 15:40:25.383] [exthost] [info] ExtensionService#loadCommonJSModule file:///home/lucassoares/.vscode/extensions/dbaeumer.vscode-eslint-2.1.1/client/out/extension
[2020-03-28 15:40:25.400] [exthost] [info] ExtensionService#_doActivateExtension eamodio.gitlens {"startup":true,"extensionId":{"value":"eamodio.gitlens","_lower":"eamodio.gitlens"},"activationEvent":"*"}
[2020-03-28 15:40:25.400] [exthost] [info] ExtensionService#loadCommonJSModule file:///home/lucassoares/.vscode/extensions/eamodio.gitlens-10.2.1/dist/extension
[2020-03-28 15:40:25.461] [exthost] [info] ExtensionService#_doActivateExtension esbenp.prettier-vscode {"startup":true,"extensionId":{"value":"esbenp.prettier-vscode","_lower":"esbenp.prettier-vscode"},"activationEvent":"*"}
[2020-03-28 15:40:25.462] [exthost] [info] ExtensionService#loadCommonJSModule file:///home/lucassoares/.vscode/extensions/esbenp.prettier-vscode-3.20.0/dist/extension
[2020-03-28 15:40:25.616] [exthost] [info] ExtensionService#_doActivateExtension PKief.material-icon-theme {"startup":true,"extensionId":{"value":"PKief.material-icon-theme","_lower":"pkief.material-icon-theme"},"activationEvent":"*"}
[2020-03-28 15:40:25.616] [exthost] [info] ExtensionService#loadCommonJSModule file:///home/lucassoares/.vscode/extensions/pkief.material-icon-theme-4.0.1/dist/extension
[2020-03-28 15:40:25.629] [exthost] [info] ExtensionService#_doActivateExtension ritwickdey.LiveServer {"startup":true,"extensionId":{"value":"ritwickdey.LiveServer","_lower":"ritwickdey.liveserver"},"activationEvent":"*"}
[2020-03-28 15:40:25.629] [exthost] [info] ExtensionService#loadCommonJSModule file:///home/lucassoares/.vscode/extensions/ritwickdey.liveserver-5.6.1/out/src/extension
[2020-03-28 15:40:26.139] [exthost] [info] ExtensionService#_doActivateExtension zhuangtongfa.material-theme {"startup":true,"extensionId":{"value":"zhuangtongfa.material-theme","_lower":"zhuangtongfa.material-theme"},"activationEvent":"*"}
[2020-03-28 15:40:26.139] [exthost] [info] ExtensionService#loadCommonJSModule file:///home/lucassoares/.vscode/extensions/zhuangtongfa.material-theme-3.2.4/out/extension.js
[2020-03-28 15:40:26.172] [exthost] [info] eager extensions activated
[2020-03-28 15:40:26.646] [exthost] [info] ExtensionService#_doActivateExtension vscode.html-language-features {"startup":false,"extensionId":{"value":"vscode.html-language-features","_lower":"vscode.html-language-features"},"activationEvent":"onLanguage:html"}
[2020-03-28 15:40:26.650] [exthost] [info] ExtensionService#loadCommonJSModule file:///snap/code/28/usr/share/code/resources/app/extensions/html-language-features/client/dist/htmlMain
[2020-03-28 15:40:26.707] [exthost] [info] ExtensionService#_doActivateExtension ecmel.vscode-html-css {"startup":false,"extensionId":{"value":"ecmel.vscode-html-css","_lower":"ecmel.vscode-html-css"},"activationEvent":"onLanguage:html"}
[2020-03-28 15:40:26.707] [exthost] [info] ExtensionService#loadCommonJSModule file:///home/lucassoares/.vscode/extensions/ecmel.vscode-html-css-0.2.3/dist/extension
[2020-03-28 15:40:51.260] [exthost] [info] ExtensionService#_doActivateExtension vscode.configuration-editing {"startup":false,"extensionId":{"value":"vscode.configuration-editing","_lower":"vscode.configuration-editing"},"activationEvent":"onLanguage:jsonc"}
[2020-03-28 15:40:51.260] [exthost] [info] ExtensionService#loadCommonJSModule file:///snap/code/28/usr/share/code/resources/app/extensions/configuration-editing/dist/extension
[2020-03-28 15:40:51.269] [exthost] [info] ExtensionService#_doActivateExtension vscode.json-language-features {"startup":false,"extensionId":{"value":"vscode.json-language-features","_lower":"vscode.json-language-features"},"activationEvent":"onLanguage:jsonc"}
[2020-03-28 15:40:51.269] [exthost] [info] ExtensionService#loadCommonJSModule file:///snap/code/28/usr/share/code/resources/app/extensions/json-language-features/client/dist/jsonMain
[2020-03-28 15:40:51.312] [exthost] [info] ExtensionService#_doActivateExtension vscode.typescript-language-features {"startup":false,"extensionId":{"value":"vscode.typescript-language-features","_lower":"vscode.typescript-language-features"},"activationEvent":"onLanguage:jsonc"}
[2020-03-28 15:40:51.312] [exthost] [info] ExtensionService#loadCommonJSModule file:///snap/code/28/usr/share/code/resources/app/extensions/typescript-language-features/dist/extension
[2020-03-28 15:41:21.996] [exthost] [info] extension host started
[2020-03-28 15:41:22.041] [exthost] [info] ExtensionService#_doActivateExtension vscode.debug-auto-launch {"startup":true,"extensionId":{"value":"vscode.debug-auto-launch","_lower":"vscode.debug-auto-launch"},"activationEvent":"*"}
[2020-03-28 15:41:22.042] [exthost] [info] ExtensionService#loadCommonJSModule file:///snap/code/28/usr/share/code/resources/app/extensions/debug-auto-launch/dist/extension
[2020-03-28 15:41:22.045] [exthost] [info] ExtensionService#_doActivateExtension vscode.emmet {"startup":true,"extensionId":{"value":"vscode.emmet","_lower":"vscode.emmet"},"activationEvent":"*"}
[2020-03-28 15:41:22.046] [exthost] [info] ExtensionService#loadCommonJSModule file:///snap/code/28/usr/share/code/resources/app/extensions/emmet/dist/extension
[2020-03-28 15:41:22.063] [exthost] [info] ExtensionService#_doActivateExtension vscode.git {"startup":true,"extensionId":{"value":"vscode.git","_lower":"vscode.git"},"activationEvent":"*"}
[2020-03-28 15:41:22.064] [exthost] [info] ExtensionService#loadCommonJSModule file:///snap/code/28/usr/share/code/resources/app/extensions/git/dist/main
[2020-03-28 15:41:22.081] [exthost] [info] ExtensionService#_doActivateExtension vscode.github-authentication {"startup":true,"extensionId":{"value":"vscode.github-authentication","_lower":"vscode.github-authentication"},"activationEvent":"*"}
[2020-03-28 15:41:22.081] [exthost] [info] ExtensionService#loadCommonJSModule file:///snap/code/28/usr/share/code/resources/app/extensions/github-authentication/dist/extension.js
[2020-03-28 15:41:22.083] [exthost] [info] ExtensionService#_doActivateExtension vscode.merge-conflict {"startup":true,"extensionId":{"value":"vscode.merge-conflict","_lower":"vscode.merge-conflict"},"activationEvent":"*"}
[2020-03-28 15:41:22.083] [exthost] [info] ExtensionService#loadCommonJSModule file:///snap/code/28/usr/share/code/resources/app/extensions/merge-conflict/dist/extension
[2020-03-28 15:41:22.086] [exthost] [info] ExtensionService#_doActivateExtension vscode.search-result {"startup":true,"extensionId":{"value":"vscode.search-result","_lower":"vscode.search-result"},"activationEvent":"*"}
[2020-03-28 15:41:22.086] [exthost] [info] ExtensionService#loadCommonJSModule file:///snap/code/28/usr/share/code/resources/app/extensions/search-result/dist/extension.js
[2020-03-28 15:41:22.087] [exthost] [info] ExtensionService#_doActivateExtension vscode.vscode-account {"startup":true,"extensionId":{"value":"vscode.vscode-account","_lower":"vscode.vscode-account"},"activationEvent":"*"}
[2020-03-28 15:41:22.087] [exthost] [info] ExtensionService#loadCommonJSModule file:///snap/code/28/usr/share/code/resources/app/extensions/vscode-account/dist/extension.js
[2020-03-28 15:41:22.090] [exthost] [info] ExtensionService#_doActivateExtension dbaeumer.vscode-eslint {"startup":true,"extensionId":{"value":"dbaeumer.vscode-eslint","_lower":"dbaeumer.vscode-eslint"},"activationEvent":"*"}
[2020-03-28 15:41:22.090] [exthost] [info] ExtensionService#loadCommonJSModule file:///home/lucassoares/.vscode/extensions/dbaeumer.vscode-eslint-2.1.1/client/out/extension
[2020-03-28 15:41:22.095] [exthost] [info] ExtensionService#_doActivateExtension eamodio.gitlens {"startup":true,"extensionId":{"value":"eamodio.gitlens","_lower":"eamodio.gitlens"},"activationEvent":"*"}
[2020-03-28 15:41:22.095] [exthost] [info] ExtensionService#loadCommonJSModule file:///home/lucassoares/.vscode/extensions/eamodio.gitlens-10.2.1/dist/extension
[2020-03-28 15:41:22.137] [exthost] [info] ExtensionService#_doActivateExtension esbenp.prettier-vscode {"startup":true,"extensionId":{"value":"esbenp.prettier-vscode","_lower":"esbenp.prettier-vscode"},"activationEvent":"*"}
[2020-03-28 15:41:22.137] [exthost] [info] ExtensionService#loadCommonJSModule file:///home/lucassoares/.vscode/extensions/esbenp.prettier-vscode-3.20.0/dist/extension
[2020-03-28 15:41:22.171] [exthost] [info] ExtensionService#_doActivateExtension PKief.material-icon-theme {"startup":true,"extensionId":{"value":"PKief.material-icon-theme","_lower":"pkief.material-icon-theme"},"activationEvent":"*"}
[2020-03-28 15:41:22.171] [exthost] [info] ExtensionService#loadCommonJSModule file:///home/lucassoares/.vscode/extensions/pkief.material-icon-theme-4.0.1/dist/extension
[2020-03-28 15:41:22.176] [exthost] [info] ExtensionService#_doActivateExtension ritwickdey.LiveServer {"startup":true,"extensionId":{"value":"ritwickdey.LiveServer","_lower":"ritwickdey.liveserver"},"activationEvent":"*"}
[2020-03-28 15:41:22.176] [exthost] [info] ExtensionService#loadCommonJSModule file:///home/lucassoares/.vscode/extensions/ritwickdey.liveserver-5.6.1/out/src/extension
[2020-03-28 15:41:22.561] [exthost] [info] ExtensionService#_doActivateExtension zhuangtongfa.material-theme {"startup":true,"extensionId":{"value":"zhuangtongfa.material-theme","_lower":"zhuangtongfa.material-theme"},"activationEvent":"*"}
[2020-03-28 15:41:22.561] [exthost] [info] ExtensionService#loadCommonJSModule file:///home/lucassoares/.vscode/extensions/zhuangtongfa.material-theme-3.2.4/out/extension.js
[2020-03-28 15:41:22.588] [exthost] [info] ExtensionService#_doActivateExtension vscode.npm {"startup":true,"extensionId":{"value":"vscode.npm","_lower":"vscode.npm"},"activationEvent":"workspaceContains:package.json"}
[2020-03-28 15:41:22.588] [exthost] [info] ExtensionService#loadCommonJSModule file:///snap/code/28/usr/share/code/resources/app/extensions/npm/dist/main
[2020-03-28 15:41:22.692] [exthost] [info] eager extensions activated
[2020-03-28 15:43:36.464] [exthost] [info] ExtensionService#_doActivateExtension vscode.typescript-language-features {"startup":false,"extensionId":{"value":"vscode.typescript-language-features","_lower":"vscode.typescript-language-features"},"activationEvent":"onLanguage:javascript"}
[2020-03-28 15:43:36.464] [exthost] [info] ExtensionService#loadCommonJSModule file:///snap/code/28/usr/share/code/resources/app/extensions/typescript-language-features/dist/extension
[2020-03-28 15:43:36.477] [exthost] [info] ExtensionService#_doActivateExtension christian-kohler.npm-intellisense {"startup":false,"extensionId":{"value":"christian-kohler.npm-intellisense","_lower":"christian-kohler.npm-intellisense"},"activationEvent":"onLanguage:javascript"}
[2020-03-28 15:43:36.477] [exthost] [info] ExtensionService#loadCommonJSModule file:///home/lucassoares/.vscode/extensions/christian-kohler.npm-intellisense-1.3.0/out/src/extension
[2020-03-28 15:43:36.504] [exthost] [info] ExtensionService#_doActivateExtension ecmel.vscode-html-css {"startup":false,"extensionId":{"value":"ecmel.vscode-html-css","_lower":"ecmel.vscode-html-css"},"activationEvent":"onLanguage:javascript"}
[2020-03-28 15:43:36.505] [exthost] [info] ExtensionService#loadCommonJSModule file:///home/lucassoares/.vscode/extensions/ecmel.vscode-html-css-0.2.3/dist/extension
[2020-03-28 15:43:36.604] [exthost] [info] ExtensionService#_doActivateExtension mgmcdermott.vscode-language-babel {"startup":false,"extensionId":{"value":"mgmcdermott.vscode-language-babel","_lower":"mgmcdermott.vscode-language-babel"},"activationEvent":"onLanguage:javascript"}
[2020-03-28 15:43:36.605] [exthost] [info] ExtensionService#loadCommonJSModule file:///home/lucassoares/.vscode/extensions/mgmcdermott.vscode-language-babel-0.0.26/dist/extension
[2020-03-28 15:46:19.009] [exthost] [info] ExtensionService#_doActivateExtension vscode.configuration-editing {"startup":false,"extensionId":{"value":"vscode.configuration-editing","_lower":"vscode.configuration-editing"},"activationEvent":"onLanguage:json"}
[2020-03-28 15:46:19.009] [exthost] [info] ExtensionService#loadCommonJSModule file:///snap/code/28/usr/share/code/resources/app/extensions/configuration-editing/dist/extension
[2020-03-28 15:46:19.016] [exthost] [info] ExtensionService#_doActivateExtension vscode.extension-editing {"startup":false,"extensionId":{"value":"vscode.extension-editing","_lower":"vscode.extension-editing"},"activationEvent":"onLanguage:json"}
[2020-03-28 15:46:19.016] [exthost] [info] ExtensionService#loadCommonJSModule file:///snap/code/28/usr/share/code/resources/app/extensions/extension-editing/dist/extension
[2020-03-28 15:46:19.038] [exthost] [info] ExtensionService#_doActivateExtension vscode.json-language-features {"startup":false,"extensionId":{"value":"vscode.json-language-features","_lower":"vscode.json-language-features"},"activationEvent":"onLanguage:json"}
[2020-03-28 15:46:19.038] [exthost] [info] ExtensionService#loadCommonJSModule file:///snap/code/28/usr/share/code/resources/app/extensions/json-language-features/client/dist/jsonMain
[2020-03-28 15:47:02.005] [exthost] [error] [vscode.typescript-language-features] provider FAILED
[2020-03-28 15:47:02.006] [exthost] [error] Error: busy
	at o._provideSemanticTokens (/snap/code/28/usr/share/code/resources/app/extensions/typescript-language-features/dist/extension.js:1:180337)
[2020-03-28 15:47:27.351] [exthost] [error] [vscode.typescript-language-features] provider FAILED
[2020-03-28 15:47:27.351] [exthost] [error] Error: busy
	at o._provideSemanticTokens (/snap/code/28/usr/share/code/resources/app/extensions/typescript-language-features/dist/extension.js:1:180337)
[2020-03-28 16:04:39.330] [exthost] [info] ExtensionService#_doActivateExtension vscode.image-preview {"startup":false,"extensionId":{"value":"vscode.image-preview","_lower":"vscode.image-preview"},"activationEvent":"onCustomEditor:imagePreview.previewEditor"}
[2020-03-28 16:04:39.330] [exthost] [info] ExtensionService#loadCommonJSModule file:///snap/code/28/usr/share/code/resources/app/extensions/image-preview/dist/extension
[2020-03-28 16:12:00.228] [exthost] [info] [vscode.typescript-language-features] UNSAVE result from 'resolveCompletionItem', extension SHOULD NOT change any of: additionalTextEdits, or command
[2020-03-28 16:14:14.164] [exthost] [error] [vscode.typescript-language-features] provider FAILED
[2020-03-28 16:14:14.165] [exthost] [error] Error: busy
	at o._provideSemanticTokens (/snap/code/28/usr/share/code/resources/app/extensions/typescript-language-features/dist/extension.js:1:180337)
[2020-03-28 16:14:20.893] [exthost] [warning] INVALID text edit -> must have at least a label
[2020-03-28 16:14:20.895] [exthost] [warning] INVALID text edit -> must have at least a label
[2020-03-28 16:14:20.895] [exthost] [warning] INVALID text edit -> must have at least a label
[2020-03-28 16:14:20.895] [exthost] [warning] INVALID text edit -> must have at least a label
[2020-03-28 16:14:20.895] [exthost] [warning] INVALID text edit -> must have at least a label
[2020-03-28 16:14:27.324] [exthost] [error] [vscode.typescript-language-features] provider FAILED
[2020-03-28 16:14:27.325] [exthost] [error] Error: busy
	at o._provideSemanticTokens (/snap/code/28/usr/share/code/resources/app/extensions/typescript-language-features/dist/extension.js:1:180337)
[2020-03-28 16:14:32.508] [exthost] [warning] INVALID text edit -> must have at least a label
[2020-03-28 16:14:32.508] [exthost] [warning] INVALID text edit -> must have at least a label
[2020-03-28 16:14:32.508] [exthost] [warning] INVALID text edit -> must have at least a label
[2020-03-28 16:14:32.508] [exthost] [warning] INVALID text edit -> must have at least a label
[2020-03-28 16:14:32.508] [exthost] [warning] INVALID text edit -> must have at least a label
[2020-03-28 16:14:34.141] [exthost] [warning] INVALID text edit -> must have at least a label
[2020-03-28 16:14:34.141] [exthost] [warning] INVALID text edit -> must have at least a label
[2020-03-28 16:14:34.141] [exthost] [warning] INVALID text edit -> must have at least a label
[2020-03-28 16:14:34.141] [exthost] [warning] INVALID text edit -> must have at least a label
[2020-03-28 16:14:34.141] [exthost] [warning] INVALID text edit -> must have at least a label
[2020-03-28 16:14:37.658] [exthost] [warning] INVALID text edit -> must have at least a label
[2020-03-28 16:14:37.658] [exthost] [warning] INVALID text edit -> must have at least a label
[2020-03-28 16:14:37.658] [exthost] [warning] INVALID text edit -> must have at least a label
[2020-03-28 16:14:37.658] [exthost] [warning] INVALID text edit -> must have at least a label
[2020-03-28 16:14:37.658] [exthost] [warning] INVALID text edit -> must have at least a label
[2020-03-28 16:14:42.789] [exthost] [error] [vscode.typescript-language-features] provider FAILED
[2020-03-28 16:14:42.790] [exthost] [error] Error: busy
	at o._provideSemanticTokens (/snap/code/28/usr/share/code/resources/app/extensions/typescript-language-features/dist/extension.js:1:180337)
[2020-03-28 16:14:51.302] [exthost] [error] [vscode.typescript-language-features] provider FAILED
[2020-03-28 16:14:51.302] [exthost] [error] Error: busy
	at o._provideSemanticTokens (/snap/code/28/usr/share/code/resources/app/extensions/typescript-language-features/dist/extension.js:1:180337)
[2020-03-28 16:14:54.823] [exthost] [error] [vscode.typescript-language-features] provider FAILED
[2020-03-28 16:14:54.823] [exthost] [error] Error: busy
	at o._provideSemanticTokens (/snap/code/28/usr/share/code/resources/app/extensions/typescript-language-features/dist/extension.js:1:180337)
[2020-03-28 16:19:56.309] [exthost] [error] [vscode.typescript-language-features] provider FAILED
[2020-03-28 16:19:56.310] [exthost] [error] Error: busy
	at o._provideSemanticTokens (/snap/code/28/usr/share/code/resources/app/extensions/typescript-language-features/dist/extension.js:1:180337)
[2020-03-28 16:20:02.317] [exthost] [warning] INVALID text edit -> must have at least a label
[2020-03-28 16:20:02.319] [exthost] [warning] INVALID text edit -> must have at least a label
[2020-03-28 16:20:02.320] [exthost] [warning] INVALID text edit -> must have at least a label
[2020-03-28 16:20:02.320] [exthost] [warning] INVALID text edit -> must have at least a label
[2020-03-28 16:20:02.320] [exthost] [warning] INVALID text edit -> must have at least a label
[2020-03-28 16:20:02.320] [exthost] [warning] INVALID text edit -> must have at least a label
[2020-03-28 16:20:02.320] [exthost] [warning] INVALID text edit -> must have at least a label
[2020-03-28 16:20:02.320] [exthost] [warning] INVALID text edit -> must have at least a label
[2020-03-28 16:20:02.320] [exthost] [warning] INVALID text edit -> must have at least a label
[2020-03-28 16:20:02.320] [exthost] [warning] INVALID text edit -> must have at least a label
[2020-03-28 16:20:02.320] [exthost] [warning] INVALID text edit -> must have at least a label
[2020-03-28 16:20:02.320] [exthost] [warning] INVALID text edit -> must have at least a label
[2020-03-28 16:20:41.498] [exthost] [error] [vscode.typescript-language-features] provider FAILED
[2020-03-28 16:20:41.499] [exthost] [error] Error: busy
	at o._provideSemanticTokens (/snap/code/28/usr/share/code/resources/app/extensions/typescript-language-features/dist/extension.js:1:180337)
[2020-03-28 16:20:45.410] [exthost] [error] [vscode.typescript-language-features] provider FAILED
[2020-03-28 16:20:45.410] [exthost] [error] Error: busy
	at o._provideSemanticTokens (/snap/code/28/usr/share/code/resources/app/extensions/typescript-language-features/dist/extension.js:1:180337)
[2020-03-28 16:22:15.132] [exthost] [error] [vscode.typescript-language-features] provider FAILED
[2020-03-28 16:22:15.132] [exthost] [error] Error: busy
	at o._provideSemanticTokens (/snap/code/28/usr/share/code/resources/app/extensions/typescript-language-features/dist/extension.js:1:180337)
[2020-03-28 16:22:23.366] [exthost] [error] [vscode.typescript-language-features] provider FAILED
[2020-03-28 16:22:23.366] [exthost] [error] Error: busy
	at o._provideSemanticTokens (/snap/code/28/usr/share/code/resources/app/extensions/typescript-language-features/dist/extension.js:1:180337)
[2020-03-28 16:23:30.036] [exthost] [error] [vscode.typescript-language-features] provider FAILED
[2020-03-28 16:23:30.036] [exthost] [error] Error: busy
	at o._provideSemanticTokens (/snap/code/28/usr/share/code/resources/app/extensions/typescript-language-features/dist/extension.js:1:180337)
[2020-03-28 16:23:44.245] [exthost] [error] [vscode.typescript-language-features] provider FAILED
[2020-03-28 16:23:44.246] [exthost] [error] Error: busy
	at o._provideSemanticTokens (/snap/code/28/usr/share/code/resources/app/extensions/typescript-language-features/dist/extension.js:1:180337)
[2020-03-28 16:23:44.922] [exthost] [error] [vscode.typescript-language-features] provider FAILED
[2020-03-28 16:23:44.922] [exthost] [error] Error: busy
	at o._provideSemanticTokens (/snap/code/28/usr/share/code/resources/app/extensions/typescript-language-features/dist/extension.js:1:180337)
[2020-03-28 16:23:56.383] [exthost] [error] [vscode.typescript-language-features] provider FAILED
[2020-03-28 16:23:56.383] [exthost] [error] Error: busy
	at o._provideSemanticTokens (/snap/code/28/usr/share/code/resources/app/extensions/typescript-language-features/dist/extension.js:1:180337)
[2020-03-28 16:24:17.043] [exthost] [error] [vscode.typescript-language-features] provider FAILED
[2020-03-28 16:24:17.043] [exthost] [error] Error: busy
	at o._provideSemanticTokens (/snap/code/28/usr/share/code/resources/app/extensions/typescript-language-features/dist/extension.js:1:180337)
[2020-03-28 16:24:18.088] [exthost] [warning] INVALID text edit -> must have at least a label
[2020-03-28 16:24:18.089] [exthost] [warning] INVALID text edit -> must have at least a label
[2020-03-28 16:24:18.089] [exthost] [warning] INVALID text edit -> must have at least a label
[2020-03-28 16:24:18.089] [exthost] [warning] INVALID text edit -> must have at least a label
[2020-03-28 16:24:18.089] [exthost] [warning] INVALID text edit -> must have at least a label
[2020-03-28 16:24:18.089] [exthost] [warning] INVALID text edit -> must have at least a label
[2020-03-28 16:24:18.089] [exthost] [warning] INVALID text edit -> must have at least a label
[2020-03-28 16:24:18.089] [exthost] [warning] INVALID text edit -> must have at least a label
[2020-03-28 16:24:18.089] [exthost] [warning] INVALID text edit -> must have at least a label
[2020-03-28 16:24:18.089] [exthost] [warning] INVALID text edit -> must have at least a label
[2020-03-28 16:24:18.089] [exthost] [warning] INVALID text edit -> must have at least a label
[2020-03-28 16:24:18.089] [exthost] [warning] INVALID text edit -> must have at least a label
[2020-03-28 16:24:20.680] [exthost] [error] [vscode.typescript-language-features] provider FAILED
[2020-03-28 16:24:20.681] [exthost] [error] Error: busy
	at o._provideSemanticTokens (/snap/code/28/usr/share/code/resources/app/extensions/typescript-language-features/dist/extension.js:1:180337)
[2020-03-28 16:24:24.116] [exthost] [warning] INVALID text edit -> must have at least a label
[2020-03-28 16:24:24.116] [exthost] [warning] INVALID text edit -> must have at least a label
[2020-03-28 16:24:24.116] [exthost] [warning] INVALID text edit -> must have at least a label
[2020-03-28 16:24:24.116] [exthost] [warning] INVALID text edit -> must have at least a label
[2020-03-28 16:24:24.116] [exthost] [warning] INVALID text edit -> must have at least a label
[2020-03-28 16:24:24.116] [exthost] [warning] INVALID text edit -> must have at least a label
[2020-03-28 16:24:24.116] [exthost] [warning] INVALID text edit -> must have at least a label
[2020-03-28 16:24:24.116] [exthost] [warning] INVALID text edit -> must have at least a label
[2020-03-28 16:24:24.116] [exthost] [warning] INVALID text edit -> must have at least a label
[2020-03-28 16:24:24.116] [exthost] [warning] INVALID text edit -> must have at least a label
[2020-03-28 16:24:24.116] [exthost] [warning] INVALID text edit -> must have at least a label
[2020-03-28 16:24:24.116] [exthost] [warning] INVALID text edit -> must have at least a label
[2020-03-28 16:24:56.719] [exthost] [error] [vscode.typescript-language-features] provider FAILED
[2020-03-28 16:24:56.719] [exthost] [error] Error: busy
	at o._provideSemanticTokens (/snap/code/28/usr/share/code/resources/app/extensions/typescript-language-features/dist/extension.js:1:180337)
[2020-03-28 16:24:58.961] [exthost] [error] [vscode.typescript-language-features] provider FAILED
[2020-03-28 16:24:58.961] [exthost] [error] Error: busy
	at o._provideSemanticTokens (/snap/code/28/usr/share/code/resources/app/extensions/typescript-language-features/dist/extension.js:1:180337)
[2020-03-28 16:25:10.184] [exthost] [warning] INVALID text edit -> must have at least a label
[2020-03-28 16:25:10.184] [exthost] [warning] INVALID text edit -> must have at least a label
[2020-03-28 16:25:10.184] [exthost] [warning] INVALID text edit -> must have at least a label
[2020-03-28 16:25:10.184] [exthost] [warning] INVALID text edit -> must have at least a label
[2020-03-28 16:25:10.184] [exthost] [warning] INVALID text edit -> must have at least a label
[2020-03-28 16:25:10.184] [exthost] [warning] INVALID text edit -> must have at least a label
[2020-03-28 16:25:10.184] [exthost] [warning] INVALID text edit -> must have at least a label
[2020-03-28 16:25:10.184] [exthost] [warning] INVALID text edit -> must have at least a label
[2020-03-28 16:25:10.184] [exthost] [warning] INVALID text edit -> must have at least a label
[2020-03-28 16:25:10.184] [exthost] [warning] INVALID text edit -> must have at least a label
[2020-03-28 16:25:10.184] [exthost] [warning] INVALID text edit -> must have at least a label
[2020-03-28 16:25:10.184] [exthost] [warning] INVALID text edit -> must have at least a label
[2020-03-28 16:27:16.814] [exthost] [warning] INVALID text edit -> must have at least a label
[2020-03-28 16:27:16.815] [exthost] [warning] INVALID text edit -> must have at least a label
[2020-03-28 16:27:16.815] [exthost] [warning] INVALID text edit -> must have at least a label
[2020-03-28 16:27:16.815] [exthost] [warning] INVALID text edit -> must have at least a label
[2020-03-28 16:27:16.815] [exthost] [warning] INVALID text edit -> must have at least a label
[2020-03-28 16:27:16.815] [exthost] [warning] INVALID text edit -> must have at least a label
[2020-03-28 16:27:16.815] [exthost] [warning] INVALID text edit -> must have at least a label
[2020-03-28 16:27:16.815] [exthost] [warning] INVALID text edit -> must have at least a label
[2020-03-28 16:27:16.815] [exthost] [warning] INVALID text edit -> must have at least a label
[2020-03-28 16:27:16.815] [exthost] [warning] INVALID text edit -> must have at least a label
[2020-03-28 16:27:16.815] [exthost] [warning] INVALID text edit -> must have at least a label
[2020-03-28 16:27:16.815] [exthost] [warning] INVALID text edit -> must have at least a label
[2020-03-28 16:27:38.798] [exthost] [error] [vscode.typescript-language-features] provider FAILED
[2020-03-28 16:27:38.798] [exthost] [error] Error: busy
	at o._provideSemanticTokens (/snap/code/28/usr/share/code/resources/app/extensions/typescript-language-features/dist/extension.js:1:180337)
[2020-03-28 16:33:55.874] [exthost] [error] [vscode.typescript-language-features] provider FAILED
[2020-03-28 16:33:55.875] [exthost] [error] Error: busy
	at o._provideSemanticTokens (/snap/code/28/usr/share/code/resources/app/extensions/typescript-language-features/dist/extension.js:1:180337)
[2020-03-28 16:37:10.690] [exthost] [warning] INVALID text edit -> must have at least a label
[2020-03-28 16:37:10.690] [exthost] [warning] INVALID text edit -> must have at least a label
[2020-03-28 16:37:10.690] [exthost] [warning] INVALID text edit -> must have at least a label
[2020-03-28 16:37:10.690] [exthost] [warning] INVALID text edit -> must have at least a label
[2020-03-28 16:37:10.690] [exthost] [warning] INVALID text edit -> must have at least a label
[2020-03-28 16:37:10.690] [exthost] [warning] INVALID text edit -> must have at least a label
[2020-03-28 16:37:10.690] [exthost] [warning] INVALID text edit -> must have at least a label
[2020-03-28 16:37:10.690] [exthost] [warning] INVALID text edit -> must have at least a label
[2020-03-28 16:37:10.690] [exthost] [warning] INVALID text edit -> must have at least a label
[2020-03-28 16:37:10.690] [exthost] [warning] INVALID text edit -> must have at least a label
[2020-03-28 16:37:10.690] [exthost] [warning] INVALID text edit -> must have at least a label
[2020-03-28 16:37:10.690] [exthost] [warning] INVALID text edit -> must have at least a label
[2020-03-28 16:38:58.490] [exthost] [warning] INVALID text edit -> must have at least a label
[2020-03-28 16:38:58.490] [exthost] [warning] INVALID text edit -> must have at least a label
[2020-03-28 16:38:58.490] [exthost] [warning] INVALID text edit -> must have at least a label
[2020-03-28 16:38:58.490] [exthost] [warning] INVALID text edit -> must have at least a label
[2020-03-28 16:38:58.490] [exthost] [warning] INVALID text edit -> must have at least a label
[2020-03-28 16:38:58.490] [exthost] [warning] INVALID text edit -> must have at least a label
[2020-03-28 16:38:58.490] [exthost] [warning] INVALID text edit -> must have at least a label
[2020-03-28 16:38:58.490] [exthost] [warning] INVALID text edit -> must have at least a label
[2020-03-28 16:38:58.490] [exthost] [warning] INVALID text edit -> must have at least a label
[2020-03-28 16:38:58.490] [exthost] [warning] INVALID text edit -> must have at least a label
[2020-03-28 16:38:58.491] [exthost] [warning] INVALID text edit -> must have at least a label
[2020-03-28 16:38:58.491] [exthost] [warning] INVALID text edit -> must have at least a label
[2020-03-28 16:40:54.738] [exthost] [warning] INVALID text edit -> must have at least a label
[2020-03-28 16:40:54.738] [exthost] [warning] INVALID text edit -> must have at least a label
[2020-03-28 16:40:54.738] [exthost] [warning] INVALID text edit -> must have at least a label
[2020-03-28 16:40:54.738] [exthost] [warning] INVALID text edit -> must have at least a label
[2020-03-28 16:40:54.738] [exthost] [warning] INVALID text edit -> must have at least a label
[2020-03-28 16:40:54.738] [exthost] [warning] INVALID text edit -> must have at least a label
[2020-03-28 16:40:54.738] [exthost] [warning] INVALID text edit -> must have at least a label
[2020-03-28 16:40:54.738] [exthost] [warning] INVALID text edit -> must have at least a label
[2020-03-28 16:40:54.738] [exthost] [warning] INVALID text edit -> must have at least a label
[2020-03-28 16:40:54.738] [exthost] [warning] INVALID text edit -> must have at least a label
[2020-03-28 16:40:54.738] [exthost] [warning] INVALID text edit -> must have at least a label
[2020-03-28 16:40:54.738] [exthost] [warning] INVALID text edit -> must have at least a label
[2020-03-28 16:50:04.614] [exthost] [warning] INVALID text edit -> must have at least a label
[2020-03-28 16:50:04.614] [exthost] [warning] INVALID text edit -> must have at least a label
[2020-03-28 16:50:04.614] [exthost] [warning] INVALID text edit -> must have at least a label
[2020-03-28 16:50:04.614] [exthost] [warning] INVALID text edit -> must have at least a label
[2020-03-28 16:50:04.614] [exthost] [warning] INVALID text edit -> must have at least a label
[2020-03-28 16:50:04.614] [exthost] [warning] INVALID text edit -> must have at least a label
[2020-03-28 16:50:04.614] [exthost] [warning] INVALID text edit -> must have at least a label
[2020-03-28 16:50:04.614] [exthost] [warning] INVALID text edit -> must have at least a label
[2020-03-28 16:50:04.614] [exthost] [warning] INVALID text edit -> must have at least a label
[2020-03-28 16:50:04.614] [exthost] [warning] INVALID text edit -> must have at least a label
[2020-03-28 16:50:04.614] [exthost] [warning] INVALID text edit -> must have at least a label
[2020-03-28 16:50:04.614] [exthost] [warning] INVALID text edit -> must have at least a label
[2020-03-28 16:50:04.614] [exthost] [warning] INVALID text edit -> must have at least a label
[2020-03-28 17:01:36.192] [exthost] [error] [vscode.typescript-language-features] provider FAILED
[2020-03-28 17:01:36.194] [exthost] [error] Error: <semantic> TypeScript Server Error (3.8.3)
Cannot read property 'kind' of undefined
TypeError: Cannot read property 'kind' of undefined
    at isPropertyDeclaration (tsserver.js:10877:21)
    at Object.isPrivateIdentifierPropertyDeclaration (tsserver.js:11696:16)
    at tsserver.js:109040:95
    at Array.filter (<anonymous>)
    at stringLiteralCompletionsFromProperties (tsserver.js:109040:59)
    at getStringLiteralCompletionEntries (tsserver.js:108973:36)
    at Object.getStringLiteralCompletions (tsserver.js:108855:35)
    at Object.getCompletionsAtPosition (tsserver.js:109567:67)
    at Proxy.getCompletionsAtPosition (tsserver.js:135360:35)
    at IOSession.Session.getCompletions (tsserver.js:145435:64)
    at Session.handlers.ts.createMapFromTemplate._a.<computed> (tsserver.js:144383:61)
    at tsserver.js:146003:88
    at IOSession.Session.executeWithRequestId (tsserver.js:145994:28)
    at IOSession.Session.executeCommand (tsserver.js:146003:33)
    at IOSession.Session.onMessage (tsserver.js:146027:35)
    at Interface.<anonymous> (tsserver.js:147342:27)
    at Interface.emit (events.js:203:13)
    at Interface._onLine (readline.js:316:10)
    at Interface._normalWrite (readline.js:461:12)
    at Socket.ondata (readline.js:172:10)
    at Socket.emit (events.js:203:13)
    at addChunk (_stream_readable.js:295:12)
    at readableAddChunk (_stream_readable.js:276:11)
    at Socket.Readable.push (_stream_readable.js:210:10)
    at Pipe.onStreamRead (internal/stream_base_commons.js:166:17)
	at Function.create (/snap/code/28/usr/share/code/resources/app/extensions/typescript-language-features/dist/extension.js:1:49958)
	at h.dispatchResponse (/snap/code/28/usr/share/code/resources/app/extensions/typescript-language-features/dist/extension.js:1:216914)
	at h.dispatchMessage (/snap/code/28/usr/share/code/resources/app/extensions/typescript-language-features/dist/extension.js:1:215832)
	at /snap/code/28/usr/share/code/resources/app/extensions/typescript-language-features/dist/extension.js:1:215308
	at l.fire (/snap/code/28/usr/share/code/resources/app/out/vs/workbench/services/extensions/node/extensionHostProcess.js:48:845)
	at t.Reader.onLengthData (/snap/code/28/usr/share/code/resources/app/extensions/typescript-language-features/dist/extension.js:1:223870)
	at Socket.<anonymous> (/snap/code/28/usr/share/code/resources/app/extensions/typescript-language-features/dist/extension.js:1:223518)
	at Socket.emit (events.js:203:13)
	at Socket.EventEmitter.emit (domain.js:476:20)
	at addChunk (_stream_readable.js:295:12)
	at readableAddChunk (_stream_readable.js:276:11)
	at Socket.Readable.push (_stream_readable.js:210:10)
	at Pipe.onStreamRead (internal/stream_base_commons.js:166:17)
[2020-03-28 17:01:45.437] [exthost] [warning] INVALID text edit -> must have at least a label
[2020-03-28 17:04:53.616] [exthost] [warning] INVALID text edit -> must have at least a label
[2020-03-28 17:04:53.616] [exthost] [warning] INVALID text edit -> must have at least a label
[2020-03-28 17:04:53.616] [exthost] [warning] INVALID text edit -> must have at least a label
[2020-03-28 17:04:53.616] [exthost] [warning] INVALID text edit -> must have at least a label
[2020-03-28 17:04:53.616] [exthost] [warning] INVALID text edit -> must have at least a label
[2020-03-28 17:04:53.616] [exthost] [warning] INVALID text edit -> must have at least a label
[2020-03-28 17:04:53.616] [exthost] [warning] INVALID text edit -> must have at least a label
[2020-03-28 17:04:53.616] [exthost] [warning] INVALID text edit -> must have at least a label
[2020-03-28 17:04:53.616] [exthost] [warning] INVALID text edit -> must have at least a label
[2020-03-28 17:04:53.616] [exthost] [warning] INVALID text edit -> must have at least a label
[2020-03-28 17:04:53.616] [exthost] [warning] INVALID text edit -> must have at least a label
[2020-03-28 17:04:53.616] [exthost] [warning] INVALID text edit -> must have at least a label
[2020-03-28 17:04:53.616] [exthost] [warning] INVALID text edit -> must have at least a label
[2020-03-28 17:05:27.610] [exthost] [warning] INVALID text edit -> must have at least a label
[2020-03-28 17:05:27.610] [exthost] [warning] INVALID text edit -> must have at least a label
[2020-03-28 17:05:27.610] [exthost] [warning] INVALID text edit -> must have at least a label
[2020-03-28 17:05:27.610] [exthost] [warning] INVALID text edit -> must have at least a label
[2020-03-28 17:05:27.610] [exthost] [warning] INVALID text edit -> must have at least a label
[2020-03-28 17:05:27.610] [exthost] [warning] INVALID text edit -> must have at least a label
[2020-03-28 17:05:27.610] [exthost] [warning] INVALID text edit -> must have at least a label
[2020-03-28 17:05:27.610] [exthost] [warning] INVALID text edit -> must have at least a label
[2020-03-28 17:05:27.611] [exthost] [warning] INVALID text edit -> must have at least a label
[2020-03-28 17:05:27.611] [exthost] [warning] INVALID text edit -> must have at least a label
[2020-03-28 17:05:27.611] [exthost] [warning] INVALID text edit -> must have at least a label
[2020-03-28 17:05:27.611] [exthost] [warning] INVALID text edit -> must have at least a label
[2020-03-28 17:05:27.611] [exthost] [warning] INVALID text edit -> must have at least a label
[2020-03-28 17:24:12.722] [exthost] [error] [vscode.typescript-language-features] provider FAILED
[2020-03-28 17:24:12.723] [exthost] [error] Error: <semantic> TypeScript Server Error (3.8.3)
Cannot read property 'kind' of undefined
TypeError: Cannot read property 'kind' of undefined
    at isPropertyDeclaration (tsserver.js:10877:21)
    at Object.isPrivateIdentifierPropertyDeclaration (tsserver.js:11696:16)
    at tsserver.js:109040:95
    at Array.filter (<anonymous>)
    at stringLiteralCompletionsFromProperties (tsserver.js:109040:59)
    at getStringLiteralCompletionEntries (tsserver.js:108973:36)
    at Object.getStringLiteralCompletions (tsserver.js:108855:35)
    at Object.getCompletionsAtPosition (tsserver.js:109567:67)
    at Proxy.getCompletionsAtPosition (tsserver.js:135360:35)
    at IOSession.Session.getCompletions (tsserver.js:145435:64)
    at Session.handlers.ts.createMapFromTemplate._a.<computed> (tsserver.js:144383:61)
    at tsserver.js:146003:88
    at IOSession.Session.executeWithRequestId (tsserver.js:145994:28)
    at IOSession.Session.executeCommand (tsserver.js:146003:33)
    at IOSession.Session.onMessage (tsserver.js:146027:35)
    at Interface.<anonymous> (tsserver.js:147342:27)
    at Interface.emit (events.js:203:13)
    at Interface._onLine (readline.js:316:10)
    at Interface._normalWrite (readline.js:461:12)
    at Socket.ondata (readline.js:172:10)
    at Socket.emit (events.js:203:13)
    at addChunk (_stream_readable.js:295:12)
    at readableAddChunk (_stream_readable.js:276:11)
    at Socket.Readable.push (_stream_readable.js:210:10)
    at Pipe.onStreamRead (internal/stream_base_commons.js:166:17)
	at Function.create (/snap/code/28/usr/share/code/resources/app/extensions/typescript-language-features/dist/extension.js:1:49958)
	at h.dispatchResponse (/snap/code/28/usr/share/code/resources/app/extensions/typescript-language-features/dist/extension.js:1:216914)
	at h.dispatchMessage (/snap/code/28/usr/share/code/resources/app/extensions/typescript-language-features/dist/extension.js:1:215832)
	at /snap/code/28/usr/share/code/resources/app/extensions/typescript-language-features/dist/extension.js:1:215308
	at l.fire (/snap/code/28/usr/share/code/resources/app/out/vs/workbench/services/extensions/node/extensionHostProcess.js:48:845)
	at t.Reader.onLengthData (/snap/code/28/usr/share/code/resources/app/extensions/typescript-language-features/dist/extension.js:1:223870)
	at Socket.<anonymous> (/snap/code/28/usr/share/code/resources/app/extensions/typescript-language-features/dist/extension.js:1:223518)
	at Socket.emit (events.js:203:13)
	at Socket.EventEmitter.emit (domain.js:476:20)
	at addChunk (_stream_readable.js:295:12)
	at readableAddChunk (_stream_readable.js:276:11)
	at Socket.Readable.push (_stream_readable.js:210:10)
	at Pipe.onStreamRead (internal/stream_base_commons.js:166:17)
[2020-03-28 18:34:18.812] [exthost] [warning] INVALID text edit -> must have at least a label
[2020-03-28 18:34:18.812] [exthost] [warning] INVALID text edit -> must have at least a label
[2020-03-28 18:34:18.812] [exthost] [warning] INVALID text edit -> must have at least a label
[2020-03-28 18:34:18.813] [exthost] [warning] INVALID text edit -> must have at least a label
[2020-03-28 18:34:18.813] [exthost] [warning] INVALID text edit -> must have at least a label
[2020-03-28 18:34:18.813] [exthost] [warning] INVALID text edit -> must have at least a label
[2020-03-28 18:34:18.813] [exthost] [warning] INVALID text edit -> must have at least a label
[2020-03-28 18:34:18.813] [exthost] [warning] INVALID text edit -> must have at least a label
[2020-03-28 18:34:18.813] [exthost] [warning] INVALID text edit -> must have at least a label
[2020-03-28 18:34:18.813] [exthost] [warning] INVALID text edit -> must have at least a label
[2020-03-28 18:34:18.813] [exthost] [warning] INVALID text edit -> must have at least a label
[2020-03-28 18:34:18.813] [exthost] [warning] INVALID text edit -> must have at least a label
[2020-03-28 18:34:18.813] [exthost] [warning] INVALID text edit -> must have at least a label
[2020-03-28 18:34:36.051] [exthost] [warning] INVALID text edit -> must have at least a label
[2020-03-28 18:34:36.051] [exthost] [warning] INVALID text edit -> must have at least a label
[2020-03-28 18:34:36.051] [exthost] [warning] INVALID text edit -> must have at least a label
[2020-03-28 18:34:36.051] [exthost] [warning] INVALID text edit -> must have at least a label
[2020-03-28 18:34:36.051] [exthost] [warning] INVALID text edit -> must have at least a label
[2020-03-28 18:34:36.051] [exthost] [warning] INVALID text edit -> must have at least a label
[2020-03-28 18:34:36.051] [exthost] [warning] INVALID text edit -> must have at least a label
[2020-03-28 18:34:36.051] [exthost] [warning] INVALID text edit -> must have at least a label
[2020-03-28 18:34:36.051] [exthost] [warning] INVALID text edit -> must have at least a label
[2020-03-28 18:34:36.052] [exthost] [warning] INVALID text edit -> must have at least a label
[2020-03-28 18:34:36.052] [exthost] [warning] INVALID text edit -> must have at least a label
[2020-03-28 18:34:36.052] [exthost] [warning] INVALID text edit -> must have at least a label
[2020-03-28 18:34:36.052] [exthost] [warning] INVALID text edit -> must have at least a label
[2020-03-28 18:34:36.225] [exthost] [warning] INVALID text edit -> must have at least a label
[2020-03-28 18:34:36.225] [exthost] [warning] INVALID text edit -> must have at least a label
[2020-03-28 18:34:36.225] [exthost] [warning] INVALID text edit -> must have at least a label
[2020-03-28 18:34:36.225] [exthost] [warning] INVALID text edit -> must have at least a label
[2020-03-28 18:34:36.225] [exthost] [warning] INVALID text edit -> must have at least a label
[2020-03-28 18:34:36.225] [exthost] [warning] INVALID text edit -> must have at least a label
[2020-03-28 18:34:36.225] [exthost] [warning] INVALID text edit -> must have at least a label
[2020-03-28 18:34:36.225] [exthost] [warning] INVALID text edit -> must have at least a label
[2020-03-28 18:34:36.225] [exthost] [warning] INVALID text edit -> must have at least a label
[2020-03-28 18:34:36.225] [exthost] [warning] INVALID text edit -> must have at least a label
[2020-03-28 18:34:36.225] [exthost] [warning] INVALID text edit -> must have at least a label
[2020-03-28 18:34:36.225] [exthost] [warning] INVALID text edit -> must have at least a label
[2020-03-28 18:34:36.225] [exthost] [warning] INVALID text edit -> must have at least a label
[2020-03-28 18:40:44.470] [exthost] [warning] INVALID text edit -> must have at least a label
[2020-03-28 18:40:48.647] [exthost] [warning] INVALID text edit -> must have at least a label
[2020-03-28 18:44:01.629] [exthost] [warning] INVALID text edit -> must have at least a label
[2020-03-28 18:44:01.629] [exthost] [warning] INVALID text edit -> must have at least a label
[2020-03-28 18:44:01.629] [exthost] [warning] INVALID text edit -> must have at least a label
[2020-03-28 18:44:01.629] [exthost] [warning] INVALID text edit -> must have at least a label
[2020-03-28 18:44:01.629] [exthost] [warning] INVALID text edit -> must have at least a label
[2020-03-28 18:44:01.629] [exthost] [warning] INVALID text edit -> must have at least a label
[2020-03-28 18:44:01.629] [exthost] [warning] INVALID text edit -> must have at least a label
[2020-03-28 18:44:01.629] [exthost] [warning] INVALID text edit -> must have at least a label
[2020-03-28 18:44:01.629] [exthost] [warning] INVALID text edit -> must have at least a label
[2020-03-28 18:44:01.629] [exthost] [warning] INVALID text edit -> must have at least a label
[2020-03-28 18:44:01.629] [exthost] [warning] INVALID text edit -> must have at least a label
[2020-03-28 18:44:01.629] [exthost] [warning] INVALID text edit -> must have at least a label
[2020-03-28 18:44:01.629] [exthost] [warning] INVALID text edit -> must have at least a label
[2020-03-28 18:44:01.732] [exthost] [warning] INVALID text edit -> must have at least a label
[2020-03-28 18:44:01.732] [exthost] [warning] INVALID text edit -> must have at least a label
[2020-03-28 18:44:01.732] [exthost] [warning] INVALID text edit -> must have at least a label
[2020-03-28 18:44:01.732] [exthost] [warning] INVALID text edit -> must have at least a label
[2020-03-28 18:44:01.732] [exthost] [warning] INVALID text edit -> must have at least a label
[2020-03-28 18:44:01.732] [exthost] [warning] INVALID text edit -> must have at least a label
[2020-03-28 18:44:01.732] [exthost] [warning] INVALID text edit -> must have at least a label
[2020-03-28 18:44:01.733] [exthost] [warning] INVALID text edit -> must have at least a label
[2020-03-28 18:44:01.733] [exthost] [warning] INVALID text edit -> must have at least a label
[2020-03-28 18:44:01.733] [exthost] [warning] INVALID text edit -> must have at least a label
[2020-03-28 18:44:01.733] [exthost] [warning] INVALID text edit -> must have at least a label
[2020-03-28 18:44:01.733] [exthost] [warning] INVALID text edit -> must have at least a label
[2020-03-28 18:44:01.733] [exthost] [warning] INVALID text edit -> must have at least a label
[2020-03-28 18:47:31.957] [exthost] [error] [vscode.typescript-language-features] provider FAILED
[2020-03-28 18:47:31.958] [exthost] [error] Error: DisposableStore is missing...
	at F._convertCompletionItem (/snap/code/28/usr/share/code/resources/app/out/vs/workbench/services/extensions/node/extensionHostProcess.js:596:373)
	at /snap/code/28/usr/share/code/resources/app/out/vs/workbench/services/extensions/node/extensionHostProcess.js:596:151
[2020-03-28 19:09:46.504] [exthost] [warning] INVALID text edit -> must have at least a label
[2020-03-28 19:25:12.057] [exthost] [warning] INVALID text edit -> must have at least a label
[2020-03-28 19:25:12.057] [exthost] [warning] INVALID text edit -> must have at least a label
[2020-03-28 19:25:12.057] [exthost] [warning] INVALID text edit -> must have at least a label
[2020-03-28 19:25:12.057] [exthost] [warning] INVALID text edit -> must have at least a label
[2020-03-28 19:25:12.057] [exthost] [warning] INVALID text edit -> must have at least a label
[2020-03-28 19:25:12.057] [exthost] [warning] INVALID text edit -> must have at least a label
[2020-03-28 19:25:12.057] [exthost] [warning] INVALID text edit -> must have at least a label
[2020-03-28 19:25:12.057] [exthost] [warning] INVALID text edit -> must have at least a label
[2020-03-28 19:25:12.057] [exthost] [warning] INVALID text edit -> must have at least a label
[2020-03-28 19:25:12.057] [exthost] [warning] INVALID text edit -> must have at least a label
[2020-03-28 19:25:12.057] [exthost] [warning] INVALID text edit -> must have at least a label
[2020-03-28 19:25:12.057] [exthost] [warning] INVALID text edit -> must have at least a label
[2020-03-28 19:25:12.057] [exthost] [warning] INVALID text edit -> must have at least a label
[2020-03-28 19:25:12.057] [exthost] [warning] INVALID text edit -> must have at least a label
[2020-03-28 19:25:12.215] [exthost] [warning] INVALID text edit -> must have at least a label
[2020-03-28 19:25:12.215] [exthost] [warning] INVALID text edit -> must have at least a label
[2020-03-28 19:25:12.215] [exthost] [warning] INVALID text edit -> must have at least a label
[2020-03-28 19:25:12.215] [exthost] [warning] INVALID text edit -> must have at least a label
[2020-03-28 19:25:12.215] [exthost] [warning] INVALID text edit -> must have at least a label
[2020-03-28 19:25:12.215] [exthost] [warning] INVALID text edit -> must have at least a label
[2020-03-28 19:25:12.215] [exthost] [warning] INVALID text edit -> must have at least a label
[2020-03-28 19:25:12.215] [exthost] [warning] INVALID text edit -> must have at least a label
[2020-03-28 19:25:12.215] [exthost] [warning] INVALID text edit -> must have at least a label
[2020-03-28 19:25:12.215] [exthost] [warning] INVALID text edit -> must have at least a label
[2020-03-28 19:25:12.215] [exthost] [warning] INVALID text edit -> must have at least a label
[2020-03-28 19:25:12.215] [exthost] [warning] INVALID text edit -> must have at least a label
[2020-03-28 19:25:12.215] [exthost] [warning] INVALID text edit -> must have at least a label
[2020-03-28 19:25:12.215] [exthost] [warning] INVALID text edit -> must have at least a label
[2020-03-28 19:54:02.086] [exthost] [warning] INVALID text edit -> must have at least a label
[2020-03-28 19:54:02.086] [exthost] [warning] INVALID text edit -> must have at least a label
[2020-03-28 19:54:02.086] [exthost] [warning] INVALID text edit -> must have at least a label
[2020-03-28 19:54:02.086] [exthost] [warning] INVALID text edit -> must have at least a label
[2020-03-28 19:54:02.086] [exthost] [warning] INVALID text edit -> must have at least a label
[2020-03-28 19:54:02.086] [exthost] [warning] INVALID text edit -> must have at least a label
[2020-03-28 19:54:02.086] [exthost] [warning] INVALID text edit -> must have at least a label
[2020-03-28 19:54:02.086] [exthost] [warning] INVALID text edit -> must have at least a label
[2020-03-28 19:54:02.086] [exthost] [warning] INVALID text edit -> must have at least a label
[2020-03-28 19:54:02.086] [exthost] [warning] INVALID text edit -> must have at least a label
[2020-03-28 19:54:02.086] [exthost] [warning] INVALID text edit -> must have at least a label
[2020-03-28 19:54:02.086] [exthost] [warning] INVALID text edit -> must have at least a label
[2020-03-28 19:54:02.086] [exthost] [warning] INVALID text edit -> must have at least a label
[2020-03-28 19:54:02.086] [exthost] [warning] INVALID text edit -> must have at least a label
[2020-03-28 19:54:02.086] [exthost] [warning] INVALID text edit -> must have at least a label
[2020-03-28 20:08:05.435] [exthost] [warning] INVALID text edit -> must have at least a label
[2020-03-28 20:08:05.435] [exthost] [warning] INVALID text edit -> must have at least a label
[2020-03-28 20:08:05.435] [exthost] [warning] INVALID text edit -> must have at least a label
[2020-03-28 20:08:05.435] [exthost] [warning] INVALID text edit -> must have at least a label
[2020-03-28 20:08:05.435] [exthost] [warning] INVALID text edit -> must have at least a label
[2020-03-28 20:08:05.435] [exthost] [warning] INVALID text edit -> must have at least a label
[2020-03-28 20:08:05.435] [exthost] [warning] INVALID text edit -> must have at least a label
[2020-03-28 20:08:05.435] [exthost] [warning] INVALID text edit -> must have at least a label
[2020-03-28 20:08:05.435] [exthost] [warning] INVALID text edit -> must have at least a label
[2020-03-28 20:08:05.435] [exthost] [warning] INVALID text edit -> must have at least a label
[2020-03-28 20:08:05.435] [exthost] [warning] INVALID text edit -> must have at least a label
[2020-03-28 20:08:05.435] [exthost] [warning] INVALID text edit -> must have at least a label
[2020-03-28 20:08:05.435] [exthost] [warning] INVALID text edit -> must have at least a label
[2020-03-28 20:08:05.435] [exthost] [warning] INVALID text edit -> must have at least a label
[2020-03-28 20:08:05.435] [exthost] [warning] INVALID text edit -> must have at least a label
[2020-03-28 20:28:57.142] [exthost] [warning] INVALID text edit -> must have at least a label
[2020-03-28 20:28:57.142] [exthost] [warning] INVALID text edit -> must have at least a label
[2020-03-28 20:28:57.142] [exthost] [warning] INVALID text edit -> must have at least a label
[2020-03-28 20:28:57.142] [exthost] [warning] INVALID text edit -> must have at least a label
[2020-03-28 20:28:57.142] [exthost] [warning] INVALID text edit -> must have at least a label
[2020-03-28 20:28:57.142] [exthost] [warning] INVALID text edit -> must have at least a label
[2020-03-28 20:28:57.142] [exthost] [warning] INVALID text edit -> must have at least a label
[2020-03-28 20:28:57.142] [exthost] [warning] INVALID text edit -> must have at least a label
[2020-03-28 20:28:57.142] [exthost] [warning] INVALID text edit -> must have at least a label
[2020-03-28 20:28:57.142] [exthost] [warning] INVALID text edit -> must have at least a label
[2020-03-28 20:28:57.142] [exthost] [warning] INVALID text edit -> must have at least a label
[2020-03-28 20:28:57.142] [exthost] [warning] INVALID text edit -> must have at least a label
[2020-03-28 20:28:57.142] [exthost] [warning] INVALID text edit -> must have at least a label
[2020-03-28 20:28:57.142] [exthost] [warning] INVALID text edit -> must have at least a label
[2020-03-28 20:28:57.142] [exthost] [warning] INVALID text edit -> must have at least a label
[2020-03-28 20:51:20.158] [exthost] [warning] INVALID text edit -> must have at least a label
[2020-03-28 20:51:20.158] [exthost] [warning] INVALID text edit -> must have at least a label
[2020-03-28 20:51:20.158] [exthost] [warning] INVALID text edit -> must have at least a label
[2020-03-28 20:51:20.158] [exthost] [warning] INVALID text edit -> must have at least a label
[2020-03-28 20:51:20.158] [exthost] [warning] INVALID text edit -> must have at least a label
[2020-03-28 20:51:20.158] [exthost] [warning] INVALID text edit -> must have at least a label
[2020-03-28 20:51:20.158] [exthost] [warning] INVALID text edit -> must have at least a label
[2020-03-28 20:51:20.158] [exthost] [warning] INVALID text edit -> must have at least a label
[2020-03-28 20:51:20.159] [exthost] [warning] INVALID text edit -> must have at least a label
[2020-03-28 20:51:20.159] [exthost] [warning] INVALID text edit -> must have at least a label
[2020-03-28 20:51:20.159] [exthost] [warning] INVALID text edit -> must have at least a label
[2020-03-28 20:51:20.159] [exthost] [warning] INVALID text edit -> must have at least a label
[2020-03-28 20:51:20.159] [exthost] [warning] INVALID text edit -> must have at least a label
[2020-03-28 20:51:20.159] [exthost] [warning] INVALID text edit -> must have at least a label
[2020-03-28 20:51:20.159] [exthost] [warning] INVALID text edit -> must have at least a label
[2020-03-28 20:51:20.159] [exthost] [warning] INVALID text edit -> must have at least a label
[2020-03-28 20:51:22.953] [exthost] [warning] INVALID text edit -> must have at least a label
[2020-03-28 20:51:22.953] [exthost] [warning] INVALID text edit -> must have at least a label
[2020-03-28 20:51:22.953] [exthost] [warning] INVALID text edit -> must have at least a label
[2020-03-28 20:51:22.953] [exthost] [warning] INVALID text edit -> must have at least a label
[2020-03-28 20:51:22.953] [exthost] [warning] INVALID text edit -> must have at least a label
[2020-03-28 20:51:22.953] [exthost] [warning] INVALID text edit -> must have at least a label
[2020-03-28 20:51:22.953] [exthost] [warning] INVALID text edit -> must have at least a label
[2020-03-28 20:51:22.953] [exthost] [warning] INVALID text edit -> must have at least a label
[2020-03-28 20:51:22.953] [exthost] [warning] INVALID text edit -> must have at least a label
[2020-03-28 20:51:22.953] [exthost] [warning] INVALID text edit -> must have at least a label
[2020-03-28 20:51:22.953] [exthost] [warning] INVALID text edit -> must have at least a label
[2020-03-28 20:51:22.953] [exthost] [warning] INVALID text edit -> must have at least a label
[2020-03-28 20:51:22.953] [exthost] [warning] INVALID text edit -> must have at least a label
[2020-03-28 20:51:22.953] [exthost] [warning] INVALID text edit -> must have at least a label
[2020-03-28 20:51:22.953] [exthost] [warning] INVALID text edit -> must have at least a label
[2020-03-28 20:51:22.953] [exthost] [warning] INVALID text edit -> must have at least a label
[2020-03-28 20:51:26.698] [exthost] [warning] INVALID text edit -> must have at least a label
[2020-03-28 20:51:26.698] [exthost] [warning] INVALID text edit -> must have at least a label
[2020-03-28 20:51:26.698] [exthost] [warning] INVALID text edit -> must have at least a label
[2020-03-28 20:51:26.698] [exthost] [warning] INVALID text edit -> must have at least a label
[2020-03-28 20:51:26.698] [exthost] [warning] INVALID text edit -> must have at least a label
[2020-03-28 20:51:26.698] [exthost] [warning] INVALID text edit -> must have at least a label
[2020-03-28 20:51:26.698] [exthost] [warning] INVALID text edit -> must have at least a label
[2020-03-28 20:51:26.698] [exthost] [warning] INVALID text edit -> must have at least a label
[2020-03-28 20:51:26.698] [exthost] [warning] INVALID text edit -> must have at least a label
[2020-03-28 20:51:26.698] [exthost] [warning] INVALID text edit -> must have at least a label
[2020-03-28 20:51:26.698] [exthost] [warning] INVALID text edit -> must have at least a label
[2020-03-28 20:51:26.698] [exthost] [warning] INVALID text edit -> must have at least a label
[2020-03-28 20:51:26.698] [exthost] [warning] INVALID text edit -> must have at least a label
[2020-03-28 20:51:26.698] [exthost] [warning] INVALID text edit -> must have at least a label
[2020-03-28 20:51:26.698] [exthost] [warning] INVALID text edit -> must have at least a label
[2020-03-28 20:51:26.698] [exthost] [warning] INVALID text edit -> must have at least a label
[2020-03-28 20:51:35.691] [exthost] [warning] INVALID text edit -> must have at least a label
[2020-03-28 20:51:35.691] [exthost] [warning] INVALID text edit -> must have at least a label
[2020-03-28 20:51:35.691] [exthost] [warning] INVALID text edit -> must have at least a label
[2020-03-28 20:51:35.691] [exthost] [warning] INVALID text edit -> must have at least a label
[2020-03-28 20:51:35.691] [exthost] [warning] INVALID text edit -> must have at least a label
[2020-03-28 20:51:35.691] [exthost] [warning] INVALID text edit -> must have at least a label
[2020-03-28 20:51:35.691] [exthost] [warning] INVALID text edit -> must have at least a label
[2020-03-28 20:51:35.691] [exthost] [warning] INVALID text edit -> must have at least a label
[2020-03-28 20:51:35.691] [exthost] [warning] INVALID text edit -> must have at least a label
[2020-03-28 20:51:35.691] [exthost] [warning] INVALID text edit -> must have at least a label
[2020-03-28 20:51:35.691] [exthost] [warning] INVALID text edit -> must have at least a label
[2020-03-28 20:51:35.691] [exthost] [warning] INVALID text edit -> must have at least a label
[2020-03-28 20:51:35.691] [exthost] [warning] INVALID text edit -> must have at least a label
[2020-03-28 20:51:35.691] [exthost] [warning] INVALID text edit -> must have at least a label
[2020-03-28 20:51:35.691] [exthost] [warning] INVALID text edit -> must have at least a label
[2020-03-28 20:51:35.691] [exthost] [warning] INVALID text edit -> must have at least a label
[2020-03-28 20:53:19.467] [exthost] [warning] INVALID text edit -> must have at least a label
[2020-03-28 20:53:19.467] [exthost] [warning] INVALID text edit -> must have at least a label
[2020-03-28 20:53:19.467] [exthost] [warning] INVALID text edit -> must have at least a label
[2020-03-28 20:53:19.467] [exthost] [warning] INVALID text edit -> must have at least a label
[2020-03-28 20:53:19.467] [exthost] [warning] INVALID text edit -> must have at least a label
[2020-03-28 20:53:19.467] [exthost] [warning] INVALID text edit -> must have at least a label
[2020-03-28 20:53:19.467] [exthost] [warning] INVALID text edit -> must have at least a label
[2020-03-28 20:53:19.467] [exthost] [warning] INVALID text edit -> must have at least a label
[2020-03-28 20:53:19.467] [exthost] [warning] INVALID text edit -> must have at least a label
[2020-03-28 20:53:19.467] [exthost] [warning] INVALID text edit -> must have at least a label
[2020-03-28 20:53:19.467] [exthost] [warning] INVALID text edit -> must have at least a label
[2020-03-28 20:53:19.467] [exthost] [warning] INVALID text edit -> must have at least a label
[2020-03-28 20:53:19.467] [exthost] [warning] INVALID text edit -> must have at least a label
[2020-03-28 20:53:19.467] [exthost] [warning] INVALID text edit -> must have at least a label
[2020-03-28 20:53:19.467] [exthost] [warning] INVALID text edit -> must have at least a label
[2020-03-28 20:53:19.467] [exthost] [warning] INVALID text edit -> must have at least a label
[2020-03-28 20:58:55.340] [exthost] [error] [vscode.typescript-language-features] provider FAILED
[2020-03-28 20:58:55.341] [exthost] [error] Error: <semantic> TypeScript Server Error (3.8.3)
Cannot read property 'emitNode' of undefined
TypeError: Cannot read property 'emitNode' of undefined
    at Object.getCommentRange (tsserver.js:71102:29)
    at emitNodeList (tsserver.js:95676:51)
    at emitList (tsserver.js:95555:13)
    at Object.writeList (tsserver.js:92891:13)
    at tsserver.js:119315:29
    at Object.mapToDisplayParts (tsserver.js:107201:13)
    at itemInfoForParameters (tsserver.js:119312:41)
    at getSignatureHelpItem (tsserver.js:119278:95)
    at tsserver.js:119251:79
    at Array.map (<anonymous>)
    at createSignatureHelpItems (tsserver.js:119251:36)
    at tsserver.js:118910:120
    at Object.runWithCancellationToken (tsserver.js:34552:28)
    at tsserver.js:118910:44
    at Object.firstDefined (tsserver.js:197:26)
    at tsserver.js:118906:27
    at Object.firstDefined (tsserver.js:197:26)
    at createJSSignatureHelpItems (tsserver.js:118905:56)
    at Object.getSignatureHelpItems (tsserver.js:118839:56)
    at Proxy.getSignatureHelpItems (tsserver.js:135509:37)
    at IOSession.Session.getSignatureHelpItems (tsserver.js:145510:62)
    at Session.handlers.ts.createMapFromTemplate._a.<computed> (tsserver.js:144404:61)
    at tsserver.js:146003:88
    at IOSession.Session.executeWithRequestId (tsserver.js:145994:28)
    at IOSession.Session.executeCommand (tsserver.js:146003:33)
    at IOSession.Session.onMessage (tsserver.js:146027:35)
    at Interface.<anonymous> (tsserver.js:147342:27)
    at Interface.emit (events.js:203:13)
    at Interface._onLine (readline.js:316:10)
    at Interface._normalWrite (readline.js:461:12)
    at Socket.ondata (readline.js:172:10)
    at Socket.emit (events.js:203:13)
    at addChunk (_stream_readable.js:295:12)
    at readableAddChunk (_stream_readable.js:276:11)
    at Socket.Readable.push (_stream_readable.js:210:10)
    at Pipe.onStreamRead (internal/stream_base_commons.js:166:17)
	at Function.create (/snap/code/28/usr/share/code/resources/app/extensions/typescript-language-features/dist/extension.js:1:49958)
	at h.dispatchResponse (/snap/code/28/usr/share/code/resources/app/extensions/typescript-language-features/dist/extension.js:1:216914)
	at h.dispatchMessage (/snap/code/28/usr/share/code/resources/app/extensions/typescript-language-features/dist/extension.js:1:215832)
	at /snap/code/28/usr/share/code/resources/app/extensions/typescript-language-features/dist/extension.js:1:215308
	at l.fire (/snap/code/28/usr/share/code/resources/app/out/vs/workbench/services/extensions/node/extensionHostProcess.js:48:845)
	at t.Reader.onLengthData (/snap/code/28/usr/share/code/resources/app/extensions/typescript-language-features/dist/extension.js:1:223870)
	at Socket.<anonymous> (/snap/code/28/usr/share/code/resources/app/extensions/typescript-language-features/dist/extension.js:1:223518)
	at Socket.emit (events.js:203:13)
	at Socket.EventEmitter.emit (domain.js:476:20)
	at addChunk (_stream_readable.js:295:12)
	at readableAddChunk (_stream_readable.js:276:11)
	at Socket.Readable.push (_stream_readable.js:210:10)
	at Pipe.onStreamRead (internal/stream_base_commons.js:166:17)
[2020-03-28 21:40:02.092] [exthost] [error] [vscode.typescript-language-features] provider FAILED
[2020-03-28 21:40:02.094] [exthost] [error] Error: DisposableStore is missing...
	at F._convertCompletionItem (/snap/code/28/usr/share/code/resources/app/out/vs/workbench/services/extensions/node/extensionHostProcess.js:596:373)
	at /snap/code/28/usr/share/code/resources/app/out/vs/workbench/services/extensions/node/extensionHostProcess.js:596:151
[2020-03-28 21:47:18.946] [exthost] [error] [vscode.typescript-language-features] provider FAILED
[2020-03-28 21:47:18.946] [exthost] [error] Error: <semantic> TypeScript Server Error (3.8.3)
Debug Failure. Did not expect JsxSelfClosingElement to have an Identifier in its trivia
Error: Debug Failure. Did not expect JsxSelfClosingElement to have an Identifier in its trivia
    at addSyntheticNodes (tsserver.js:134312:30)
    at createChildren (tsserver.js:134301:9)
    at NodeObject.getChildren (tsserver.js:134245:56)
    at find (tsserver.js:106349:30)
    at find (tsserver.js:106369:32)
    at find (tsserver.js:106369:32)
    at find (tsserver.js:106369:32)
    at find (tsserver.js:106369:32)
    at find (tsserver.js:106369:32)
    at find (tsserver.js:106369:32)
    at find (tsserver.js:106369:32)
    at find (tsserver.js:106369:32)
    at find (tsserver.js:106369:32)
    at Object.findPrecedingToken (tsserver.js:106342:22)
    at Object.getCompletionsAtPosition (tsserver.js:109563:35)
    at Proxy.getCompletionsAtPosition (tsserver.js:135360:35)
    at IOSession.Session.getCompletions (tsserver.js:145435:64)
    at Session.handlers.ts.createMapFromTemplate._a.<computed> (tsserver.js:144383:61)
    at tsserver.js:146003:88
    at IOSession.Session.executeWithRequestId (tsserver.js:145994:28)
    at IOSession.Session.executeCommand (tsserver.js:146003:33)
    at IOSession.Session.onMessage (tsserver.js:146027:35)
    at Interface.<anonymous> (tsserver.js:147342:27)
    at Interface.emit (events.js:203:13)
    at Interface._onLine (readline.js:316:10)
    at Interface._normalWrite (readline.js:461:12)
    at Socket.ondata (readline.js:172:10)
    at Socket.emit (events.js:203:13)
    at addChunk (_stream_readable.js:295:12)
    at readableAddChunk (_stream_readable.js:276:11)
    at Socket.Readable.push (_stream_readable.js:210:10)
    at Pipe.onStreamRead (internal/stream_base_commons.js:166:17)
	at Function.create (/snap/code/28/usr/share/code/resources/app/extensions/typescript-language-features/dist/extension.js:1:49958)
	at h.dispatchResponse (/snap/code/28/usr/share/code/resources/app/extensions/typescript-language-features/dist/extension.js:1:216914)
	at h.dispatchMessage (/snap/code/28/usr/share/code/resources/app/extensions/typescript-language-features/dist/extension.js:1:215832)
	at /snap/code/28/usr/share/code/resources/app/extensions/typescript-language-features/dist/extension.js:1:215308
	at l.fire (/snap/code/28/usr/share/code/resources/app/out/vs/workbench/services/extensions/node/extensionHostProcess.js:48:845)
	at t.Reader.onLengthData (/snap/code/28/usr/share/code/resources/app/extensions/typescript-language-features/dist/extension.js:1:223870)
	at Socket.<anonymous> (/snap/code/28/usr/share/code/resources/app/extensions/typescript-language-features/dist/extension.js:1:223518)
	at Socket.emit (events.js:203:13)
	at Socket.EventEmitter.emit (domain.js:476:20)
	at addChunk (_stream_readable.js:295:12)
	at readableAddChunk (_stream_readable.js:276:11)
	at Socket.Readable.push (_stream_readable.js:210:10)
	at Pipe.onStreamRead (internal/stream_base_commons.js:166:17)
[2020-03-28 21:47:19.164] [exthost] [error] [vscode.typescript-language-features] provider FAILED
[2020-03-28 21:47:19.164] [exthost] [error] Error: <semantic> TypeScript Server Error (3.8.3)
Debug Failure. Did not expect JsxSelfClosingElement to have an Identifier in its trivia
Error: Debug Failure. Did not expect JsxSelfClosingElement to have an Identifier in its trivia
    at addSyntheticNodes (tsserver.js:134312:30)
    at createChildren (tsserver.js:134301:9)
    at NodeObject.getChildren (tsserver.js:134245:56)
    at getTokenAtPositionWorker (tsserver.js:106279:43)
    at Object.getTokenAtPosition (tsserver.js:106271:16)
    at getInfo (tsserver.js:130516:28)
    at Object.getAvailableActions (tsserver.js:130500:28)
    at tsserver.js:124592:128
    at getIterator (tsserver.js:519:23)
    at Object.flatMapIterator (tsserver.js:502:27)
    at Object.getApplicableRefactors (tsserver.js:124591:36)
    at Proxy.getApplicableRefactors (tsserver.js:135901:32)
    at IOSession.Session.getApplicableRefactors (tsserver.js:145703:53)
    at Session.handlers.ts.createMapFromTemplate._a.<computed> (tsserver.js:144528:61)
    at tsserver.js:146003:88
    at IOSession.Session.executeWithRequestId (tsserver.js:145994:28)
    at IOSession.Session.executeCommand (tsserver.js:146003:33)
    at IOSession.Session.onMessage (tsserver.js:146027:35)
    at Interface.<anonymous> (tsserver.js:147342:27)
    at Interface.emit (events.js:203:13)
    at Interface._onLine (readline.js:316:10)
    at Interface._normalWrite (readline.js:461:12)
    at Socket.ondata (readline.js:172:10)
    at Socket.emit (events.js:203:13)
    at addChunk (_stream_readable.js:295:12)
    at readableAddChunk (_stream_readable.js:276:11)
    at Socket.Readable.push (_stream_readable.js:210:10)
    at Pipe.onStreamRead (internal/stream_base_commons.js:166:17)
	at Function.create (/snap/code/28/usr/share/code/resources/app/extensions/typescript-language-features/dist/extension.js:1:49958)
	at h.dispatchResponse (/snap/code/28/usr/share/code/resources/app/extensions/typescript-language-features/dist/extension.js:1:216914)
	at h.dispatchMessage (/snap/code/28/usr/share/code/resources/app/extensions/typescript-language-features/dist/extension.js:1:215832)
	at /snap/code/28/usr/share/code/resources/app/extensions/typescript-language-features/dist/extension.js:1:215308
	at l.fire (/snap/code/28/usr/share/code/resources/app/out/vs/workbench/services/extensions/node/extensionHostProcess.js:48:845)
	at t.Reader.onLengthData (/snap/code/28/usr/share/code/resources/app/extensions/typescript-language-features/dist/extension.js:1:223870)
	at Socket.<anonymous> (/snap/code/28/usr/share/code/resources/app/extensions/typescript-language-features/dist/extension.js:1:223518)
	at Socket.emit (events.js:203:13)
	at Socket.EventEmitter.emit (domain.js:476:20)
	at addChunk (_stream_readable.js:295:12)
	at readableAddChunk (_stream_readable.js:276:11)
	at Socket.Readable.push (_stream_readable.js:210:10)
	at Pipe.onStreamRead (internal/stream_base_commons.js:166:17)
[2020-03-28 21:50:29.579] [exthost] [error] [vscode.typescript-language-features] provider FAILED
[2020-03-28 21:50:29.580] [exthost] [error] Error: <semantic> TypeScript Server Error (3.8.3)
Debug Failure. Did not expect JsxSelfClosingElement to have an Identifier in its trivia
Error: Debug Failure. Did not expect JsxSelfClosingElement to have an Identifier in its trivia
    at addSyntheticNodes (tsserver.js:134312:30)
    at createChildren (tsserver.js:134301:9)
    at NodeObject.getChildren (tsserver.js:134245:56)
    at getTokenAtPositionWorker (tsserver.js:106279:43)
    at Object.getTokenAtPosition (tsserver.js:106271:16)
    at getInfo (tsserver.js:130516:28)
    at Object.getAvailableActions (tsserver.js:130500:28)
    at tsserver.js:124592:128
    at getIterator (tsserver.js:519:23)
    at Object.flatMapIterator (tsserver.js:502:27)
    at Object.getApplicableRefactors (tsserver.js:124591:36)
    at Proxy.getApplicableRefactors (tsserver.js:135901:32)
    at IOSession.Session.getApplicableRefactors (tsserver.js:145703:53)
    at Session.handlers.ts.createMapFromTemplate._a.<computed> (tsserver.js:144528:61)
    at tsserver.js:146003:88
    at IOSession.Session.executeWithRequestId (tsserver.js:145994:28)
    at IOSession.Session.executeCommand (tsserver.js:146003:33)
    at IOSession.Session.onMessage (tsserver.js:146027:35)
    at Interface.<anonymous> (tsserver.js:147342:27)
    at Interface.emit (events.js:203:13)
    at Interface._onLine (readline.js:316:10)
    at Interface._normalWrite (readline.js:461:12)
    at Socket.ondata (readline.js:172:10)
    at Socket.emit (events.js:203:13)
    at addChunk (_stream_readable.js:295:12)
    at readableAddChunk (_stream_readable.js:276:11)
    at Socket.Readable.push (_stream_readable.js:210:10)
    at Pipe.onStreamRead (internal/stream_base_commons.js:166:17)
	at Function.create (/snap/code/28/usr/share/code/resources/app/extensions/typescript-language-features/dist/extension.js:1:49958)
	at h.dispatchResponse (/snap/code/28/usr/share/code/resources/app/extensions/typescript-language-features/dist/extension.js:1:216914)
	at h.dispatchMessage (/snap/code/28/usr/share/code/resources/app/extensions/typescript-language-features/dist/extension.js:1:215832)
	at /snap/code/28/usr/share/code/resources/app/extensions/typescript-language-features/dist/extension.js:1:215308
	at l.fire (/snap/code/28/usr/share/code/resources/app/out/vs/workbench/services/extensions/node/extensionHostProcess.js:48:845)
	at t.Reader.onLengthData (/snap/code/28/usr/share/code/resources/app/extensions/typescript-language-features/dist/extension.js:1:223870)
	at Socket.<anonymous> (/snap/code/28/usr/share/code/resources/app/extensions/typescript-language-features/dist/extension.js:1:223518)
	at Socket.emit (events.js:203:13)
	at Socket.EventEmitter.emit (domain.js:476:20)
	at addChunk (_stream_readable.js:295:12)
	at readableAddChunk (_stream_readable.js:276:11)
	at Socket.Readable.push (_stream_readable.js:210:10)
	at Pipe.onStreamRead (internal/stream_base_commons.js:166:17)
